\BOOKMARK [1][-]{section.1}{Introduction}{}% 1
\BOOKMARK [1][-]{section.2}{Using Pressure As A Measure of Altitude}{}% 2
\BOOKMARK [2][-]{subsection.2.1}{Hydrostatic equilibrium and its role in the atmosphere}{section.2}% 3
\BOOKMARK [3][-]{subsubsection.2.1.1}{Pressure Gradient Force}{subsection.2.1}% 4
\BOOKMARK [1][-]{section.3}{Module 1: Air Temperature In The Troposphere}{}% 5
\BOOKMARK [2][-]{subsection.3.1}{Task 1: Air Temperature As A Function Of Latitude}{section.3}% 6
\BOOKMARK [3][-]{subsubsection.3.1.1}{Changes In Temperature Latitudinally}{subsection.3.1}% 7
\BOOKMARK [3][-]{subsubsection.3.1.2}{Changes In Temperature Across Altitudes}{subsection.3.1}% 8
\BOOKMARK [2][-]{subsection.3.2}{Task 2: Seasonal Temperature Profiles As A Function Of Latitude}{section.3}% 9
\BOOKMARK [3][-]{subsubsection.3.2.1}{850 Millibars}{subsection.3.2}% 10
\BOOKMARK [3][-]{subsubsection.3.2.2}{250 Millibars}{subsection.3.2}% 11
\BOOKMARK [2][-]{subsection.3.3}{Task 3: Temperature As A Function Of Latitude And Altitude}{section.3}% 12
\BOOKMARK [3][-]{subsubsection.3.3.1}{Color Map}{subsection.3.3}% 13
\BOOKMARK [3][-]{subsubsection.3.3.2}{Contour Map}{subsection.3.3}% 14
\BOOKMARK [2][-]{subsection.3.4}{Task 4: Global Air Temperatures}{section.3}% 15
\BOOKMARK [3][-]{subsubsection.3.4.1}{Equirectangular}{subsection.3.4}% 16
\BOOKMARK [3][-]{subsubsection.3.4.2}{Orthographic}{subsection.3.4}% 17
\BOOKMARK [3][-]{subsubsection.3.4.3}{South Polar Projection}{subsection.3.4}% 18
\BOOKMARK [3][-]{subsubsection.3.4.4}{North Polar Projection}{subsection.3.4}% 19
\BOOKMARK [1][-]{section.4}{Module 2: Zonal Winds In The Troposphere}{}% 20
\BOOKMARK [2][-]{subsection.4.1}{Task 1: Zonal Wind As A Function Of Latitude}{section.4}% 21
\BOOKMARK [3][-]{subsubsection.4.1.1}{850 millibars}{subsection.4.1}% 22
\BOOKMARK [3][-]{subsubsection.4.1.2}{250 millibars}{subsection.4.1}% 23
\BOOKMARK [2][-]{subsection.4.2}{Task 2: Seasonal Zonal Wind As A Function Of Latitude}{section.4}% 24
\BOOKMARK [3][-]{subsubsection.4.2.1}{Winter Vs Summer At 850 millibars}{subsection.4.2}% 25
\BOOKMARK [3][-]{subsubsection.4.2.2}{Winter Vs Summer at 250 millibars}{subsection.4.2}% 26
\BOOKMARK [2][-]{subsection.4.3}{Task 3: Zonal Wind As A Function Of Latitude and Altitude}{section.4}% 27
\BOOKMARK [3][-]{subsubsection.4.3.1}{Color Map}{subsection.4.3}% 28
\BOOKMARK [3][-]{subsubsection.4.3.2}{Contour Map}{subsection.4.3}% 29
\BOOKMARK [2][-]{subsection.4.4}{Task 4: Global Zonal Winds}{section.4}% 30
\BOOKMARK [3][-]{subsubsection.4.4.1}{Equirectangular Projection}{subsection.4.4}% 31
\BOOKMARK [3][-]{subsubsection.4.4.2}{North Polar Projection}{subsection.4.4}% 32
\BOOKMARK [3][-]{subsubsection.4.4.3}{Orthographic}{subsection.4.4}% 33
\BOOKMARK [1][-]{section.5}{Module 3: Meridional Winds In The Troposphere}{}% 34
\BOOKMARK [2][-]{subsection.5.1}{Task 1: Meridional Wind As A Function Of Latitude}{section.5}% 35
\BOOKMARK [3][-]{subsubsection.5.1.1}{850 Millibars}{subsection.5.1}% 36
\BOOKMARK [3][-]{subsubsection.5.1.2}{250 Millibars}{subsection.5.1}% 37
\BOOKMARK [2][-]{subsection.5.2}{Task 2: Seasonal Meridional Wind As A Function Of Latitude}{section.5}% 38
\BOOKMARK [3][-]{subsubsection.5.2.1}{850 Millibars}{subsection.5.2}% 39
\BOOKMARK [3][-]{subsubsection.5.2.2}{250 Millibars}{subsection.5.2}% 40
\BOOKMARK [2][-]{subsection.5.3}{Task 3: Meridional Wind As A Function of Latitude And Altitude}{section.5}% 41
\BOOKMARK [3][-]{subsubsection.5.3.1}{Colour Map}{subsection.5.3}% 42
\BOOKMARK [3][-]{subsubsection.5.3.2}{Contour Map}{subsection.5.3}% 43
\BOOKMARK [2][-]{subsection.5.4}{Task 4: Global Meridional Winds}{section.5}% 44
\BOOKMARK [3][-]{subsubsection.5.4.1}{Equirectangular Projection}{subsection.5.4}% 45
\BOOKMARK [3][-]{subsubsection.5.4.2}{North Polar Stereographic Projection}{subsection.5.4}% 46
\BOOKMARK [3][-]{subsubsection.5.4.3}{South Polar Stereographic Projection}{subsection.5.4}% 47
\BOOKMARK [3][-]{subsubsection.5.4.4}{Orthographic}{subsection.5.4}% 48
\BOOKMARK [1][-]{section.6}{Anomalies: Zonal And Meridional Wind}{}% 49
\BOOKMARK [2][-]{subsection.6.1}{January Vs Average Wind}{section.6}% 50
\BOOKMARK [3][-]{subsubsection.6.1.1}{850 Millibars}{subsection.6.1}% 51
\BOOKMARK [3][-]{subsubsection.6.1.2}{250 Millibars}{subsection.6.1}% 52
\BOOKMARK [2][-]{subsection.6.2}{July Vs Average Wind}{section.6}% 53
\BOOKMARK [3][-]{subsubsection.6.2.1}{850 Millibars}{subsection.6.2}% 54
\BOOKMARK [3][-]{subsubsection.6.2.2}{250 Millibars}{subsection.6.2}% 55
