This is pdfTeX, Version 3.14159265-2.6-1.40.20 (TeX Live 2019) (preloaded format=pdflatex 2019.7.10)  26 MAR 2020 18:02
entering extended mode
 restricted \write18 enabled.
 file:line:error style messages enabled.
 %&-line parsing enabled.
**documentation.tex
(./documentation.tex
LaTeX2e <2018-12-01>
(/usr/local/texlive/2019/texmf-dist/tex/latex/base/article.cls
Document Class: article 2018/09/03 v1.4i Standard LaTeX document class
(/usr/local/texlive/2019/texmf-dist/tex/latex/base/size10.clo
File: size10.clo 2018/09/03 v1.4i Standard LaTeX file (size option)
)
\c@part=\count80
\c@section=\count81
\c@subsection=\count82
\c@subsubsection=\count83
\c@paragraph=\count84
\c@subparagraph=\count85
\c@figure=\count86
\c@table=\count87
\abovecaptionskip=\skip41
\belowcaptionskip=\skip42
\bibindent=\dimen102
)
(/usr/local/texlive/2019/texmf-dist/tex/latex/hyperref/hyperref.sty
Package: hyperref 2018/11/30 v6.88e Hypertext links for LaTeX

(/usr/local/texlive/2019/texmf-dist/tex/generic/oberdiek/hobsub-hyperref.sty
Package: hobsub-hyperref 2016/05/16 v1.14 Bundle oberdiek, subset hyperref (HO)


(/usr/local/texlive/2019/texmf-dist/tex/generic/oberdiek/hobsub-generic.sty
Package: hobsub-generic 2016/05/16 v1.14 Bundle oberdiek, subset generic (HO)
Package: hobsub 2016/05/16 v1.14 Construct package bundles (HO)
Package: infwarerr 2016/05/16 v1.4 Providing info/warning/error messages (HO)
Package: ltxcmds 2016/05/16 v1.23 LaTeX kernel commands for general use (HO)
Package: ifluatex 2016/05/16 v1.4 Provides the ifluatex switch (HO)
Package ifluatex Info: LuaTeX not detected.
Package: ifvtex 2016/05/16 v1.6 Detect VTeX and its facilities (HO)
Package ifvtex Info: VTeX not detected.
Package: intcalc 2016/05/16 v1.2 Expandable calculations with integers (HO)
Package: ifpdf 2018/09/07 v3.3 Provides the ifpdf switch
Package: etexcmds 2016/05/16 v1.6 Avoid name clashes with e-TeX commands (HO)
Package: kvsetkeys 2016/05/16 v1.17 Key value parser (HO)
Package: kvdefinekeys 2016/05/16 v1.4 Define keys (HO)
Package: pdftexcmds 2018/09/10 v0.29 Utility functions of pdfTeX for LuaTeX (HO
)
Package pdftexcmds Info: LuaTeX not detected.
Package pdftexcmds Info: \pdf@primitive is available.
Package pdftexcmds Info: \pdf@ifprimitive is available.
Package pdftexcmds Info: \pdfdraftmode found.
Package: pdfescape 2016/05/16 v1.14 Implements pdfTeX's escape features (HO)
Package: bigintcalc 2016/05/16 v1.4 Expandable calculations on big integers (HO
)
Package: bitset 2016/05/16 v1.2 Handle bit-vector datatype (HO)
Package: uniquecounter 2016/05/16 v1.3 Provide unlimited unique counter (HO)
)
Package hobsub Info: Skipping package `hobsub' (already loaded).
Package: letltxmacro 2016/05/16 v1.5 Let assignment for LaTeX macros (HO)
Package: hopatch 2016/05/16 v1.3 Wrapper for package hooks (HO)
Package: xcolor-patch 2016/05/16 xcolor patch
Package: atveryend 2016/05/16 v1.9 Hooks at the very end of document (HO)
Package atveryend Info: \enddocument detected (standard20110627).
Package: atbegshi 2016/06/09 v1.18 At begin shipout hook (HO)
Package: refcount 2016/05/16 v3.5 Data extraction from label references (HO)
Package: hycolor 2016/05/16 v1.8 Color options for hyperref/bookmark (HO)
)
(/usr/local/texlive/2019/texmf-dist/tex/latex/graphics/keyval.sty
Package: keyval 2014/10/28 v1.15 key=value parser (DPC)
\KV@toks@=\toks14
)
(/usr/local/texlive/2019/texmf-dist/tex/generic/ifxetex/ifxetex.sty
Package: ifxetex 2010/09/12 v0.6 Provides ifxetex conditional
)
(/usr/local/texlive/2019/texmf-dist/tex/latex/oberdiek/auxhook.sty
Package: auxhook 2016/05/16 v1.4 Hooks for auxiliary files (HO)
)
(/usr/local/texlive/2019/texmf-dist/tex/latex/oberdiek/kvoptions.sty
Package: kvoptions 2016/05/16 v3.12 Key value format for package options (HO)
)
\@linkdim=\dimen103
\Hy@linkcounter=\count88
\Hy@pagecounter=\count89

(/usr/local/texlive/2019/texmf-dist/tex/latex/hyperref/pd1enc.def
File: pd1enc.def 2018/11/30 v6.88e Hyperref: PDFDocEncoding definition (HO)
Now handling font encoding PD1 ...
... no UTF-8 mapping file for font encoding PD1
)
\Hy@SavedSpaceFactor=\count90

(/usr/local/texlive/2019/texmf-dist/tex/latex/latexconfig/hyperref.cfg
File: hyperref.cfg 2002/06/06 v1.2 hyperref configuration of TeXLive
)
Package hyperref Info: Hyper figures OFF on input line 4519.
Package hyperref Info: Link nesting OFF on input line 4524.
Package hyperref Info: Hyper index ON on input line 4527.
Package hyperref Info: Plain pages OFF on input line 4534.
Package hyperref Info: Backreferencing OFF on input line 4539.
Package hyperref Info: Implicit mode ON; LaTeX internals redefined.
Package hyperref Info: Bookmarks ON on input line 4772.
\c@Hy@tempcnt=\count91

(/usr/local/texlive/2019/texmf-dist/tex/latex/url/url.sty
\Urlmuskip=\muskip10
Package: url 2013/09/16  ver 3.4  Verb mode for urls, etc.
)
LaTeX Info: Redefining \url on input line 5125.
\XeTeXLinkMargin=\dimen104
\Fld@menulength=\count92
\Field@Width=\dimen105
\Fld@charsize=\dimen106
Package hyperref Info: Hyper figures OFF on input line 6380.
Package hyperref Info: Link nesting OFF on input line 6385.
Package hyperref Info: Hyper index ON on input line 6388.
Package hyperref Info: backreferencing OFF on input line 6395.
Package hyperref Info: Link coloring OFF on input line 6400.
Package hyperref Info: Link coloring with OCG OFF on input line 6405.
Package hyperref Info: PDF/A mode OFF on input line 6410.
LaTeX Info: Redefining \ref on input line 6450.
LaTeX Info: Redefining \pageref on input line 6454.
\Hy@abspage=\count93
\c@Item=\count94
\c@Hfootnote=\count95
)
Package hyperref Info: Driver (autodetected): hpdftex.

(/usr/local/texlive/2019/texmf-dist/tex/latex/hyperref/hpdftex.def
File: hpdftex.def 2018/11/30 v6.88e Hyperref driver for pdfTeX
\Fld@listcount=\count96
\c@bookmark@seq@number=\count97

(/usr/local/texlive/2019/texmf-dist/tex/latex/oberdiek/rerunfilecheck.sty
Package: rerunfilecheck 2016/05/16 v1.8 Rerun checks for auxiliary files (HO)
Package uniquecounter Info: New unique counter `rerunfilecheck' on input line 2
82.
)
\Hy@SectionHShift=\skip43
)
(/usr/local/texlive/2019/texmf-dist/tex/latex/tabto-ltx/tabto.sty
Package: tabto 2018/12/28  v 1.4  Another tabbing mechanism
\CurrentLineWidth=\dimen107
\TabPrevPos=\dimen108
)
(/usr/local/texlive/2019/texmf-dist/tex/latex/amsmath/amsmath.sty
Package: amsmath 2018/12/01 v2.17b AMS math features
\@mathmargin=\skip44

For additional information on amsmath, use the `?' option.
(/usr/local/texlive/2019/texmf-dist/tex/latex/amsmath/amstext.sty
Package: amstext 2000/06/29 v2.01 AMS text

(/usr/local/texlive/2019/texmf-dist/tex/latex/amsmath/amsgen.sty
File: amsgen.sty 1999/11/30 v2.0 generic functions
\@emptytoks=\toks15
\ex@=\dimen109
))
(/usr/local/texlive/2019/texmf-dist/tex/latex/amsmath/amsbsy.sty
Package: amsbsy 1999/11/29 v1.2d Bold Symbols
\pmbraise@=\dimen110
)
(/usr/local/texlive/2019/texmf-dist/tex/latex/amsmath/amsopn.sty
Package: amsopn 2016/03/08 v2.02 operator names
)
\inf@bad=\count98
LaTeX Info: Redefining \frac on input line 223.
\uproot@=\count99
\leftroot@=\count100
LaTeX Info: Redefining \overline on input line 385.
\classnum@=\count101
\DOTSCASE@=\count102
LaTeX Info: Redefining \ldots on input line 482.
LaTeX Info: Redefining \dots on input line 485.
LaTeX Info: Redefining \cdots on input line 606.
\Mathstrutbox@=\box27
\strutbox@=\box28
\big@size=\dimen111
LaTeX Font Info:    Redeclaring font encoding OML on input line 729.
LaTeX Font Info:    Redeclaring font encoding OMS on input line 730.
\macc@depth=\count103
\c@MaxMatrixCols=\count104
\dotsspace@=\muskip11
\c@parentequation=\count105
\dspbrk@lvl=\count106
\tag@help=\toks16
\row@=\count107
\column@=\count108
\maxfields@=\count109
\andhelp@=\toks17
\eqnshift@=\dimen112
\alignsep@=\dimen113
\tagshift@=\dimen114
\tagwidth@=\dimen115
\totwidth@=\dimen116
\lineht@=\dimen117
\@envbody=\toks18
\multlinegap=\skip45
\multlinetaggap=\skip46
\mathdisplay@stack=\toks19
LaTeX Info: Redefining \[ on input line 2844.
LaTeX Info: Redefining \] on input line 2845.
)
(/usr/local/texlive/2019/texmf-dist/tex/latex/graphics/graphicx.sty
Package: graphicx 2017/06/01 v1.1a Enhanced LaTeX Graphics (DPC,SPQR)

(/usr/local/texlive/2019/texmf-dist/tex/latex/graphics/graphics.sty
Package: graphics 2017/06/25 v1.2c Standard LaTeX Graphics (DPC,SPQR)

(/usr/local/texlive/2019/texmf-dist/tex/latex/graphics/trig.sty
Package: trig 2016/01/03 v1.10 sin cos tan (DPC)
)
(/usr/local/texlive/2019/texmf-dist/tex/latex/graphics-cfg/graphics.cfg
File: graphics.cfg 2016/06/04 v1.11 sample graphics configuration
)
Package graphics Info: Driver file: pdftex.def on input line 99.

(/usr/local/texlive/2019/texmf-dist/tex/latex/graphics-def/pdftex.def
File: pdftex.def 2018/01/08 v1.0l Graphics/color driver for pdftex
))
\Gin@req@height=\dimen118
\Gin@req@width=\dimen119
)
(/usr/local/texlive/2019/texmf-dist/tex/latex/caption/subcaption.sty
Package: subcaption 2018/05/01 v1.1-162 Sub-captions (AR)

(/usr/local/texlive/2019/texmf-dist/tex/latex/caption/caption.sty
Package: caption 2018/10/06 v3.3-154 Customizing captions (AR)

(/usr/local/texlive/2019/texmf-dist/tex/latex/caption/caption3.sty
Package: caption3 2018/09/12 v1.8c caption3 kernel (AR)
Package caption3 Info: TeX engine: e-TeX on input line 64.
\captionmargin=\dimen120
\captionmargin@=\dimen121
\captionwidth=\dimen122
\caption@tempdima=\dimen123
\caption@indent=\dimen124
\caption@parindent=\dimen125
\caption@hangindent=\dimen126
)
\c@caption@flags=\count110
\c@ContinuedFloat=\count111
Package caption Info: hyperref package is loaded.
)
\c@subfigure=\count112
\c@subtable=\count113
)
(/usr/local/texlive/2019/texmf-dist/tex/latex/geometry/geometry.sty
Package: geometry 2018/04/16 v5.8 Page Geometry
\Gm@cnth=\count114
\Gm@cntv=\count115
\c@Gm@tempcnt=\count116
\Gm@bindingoffset=\dimen127
\Gm@wd@mp=\dimen128
\Gm@odd@mp=\dimen129
\Gm@even@mp=\dimen130
\Gm@layoutwidth=\dimen131
\Gm@layoutheight=\dimen132
\Gm@layouthoffset=\dimen133
\Gm@layoutvoffset=\dimen134
\Gm@dimlist=\toks20
)
(/usr/local/texlive/2019/texmf-dist/tex/latex/titlesec/titlesec.sty
Package: titlesec 2016/03/21 v2.10.2 Sectioning titles
\ttl@box=\box29
\beforetitleunit=\skip47
\aftertitleunit=\skip48
\ttl@plus=\dimen135
\ttl@minus=\dimen136
\ttl@toksa=\toks21
\titlewidth=\dimen137
\titlewidthlast=\dimen138
\titlewidthfirst=\dimen139
)
(/usr/local/texlive/2019/texmf-dist/tex/latex/xcolor/xcolor.sty
Package: xcolor 2016/05/11 v2.12 LaTeX color extensions (UK)

(/usr/local/texlive/2019/texmf-dist/tex/latex/graphics-cfg/color.cfg
File: color.cfg 2016/01/02 v1.6 sample color configuration
)
Package xcolor Info: Driver file: pdftex.def on input line 225.
Package xcolor Info: Model `cmy' substituted by `cmy0' on input line 1348.
Package xcolor Info: Model `hsb' substituted by `rgb' on input line 1352.
Package xcolor Info: Model `RGB' extended on input line 1364.
Package xcolor Info: Model `HTML' substituted by `rgb' on input line 1366.
Package xcolor Info: Model `Hsb' substituted by `hsb' on input line 1367.
Package xcolor Info: Model `tHsb' substituted by `hsb' on input line 1368.
Package xcolor Info: Model `HSB' substituted by `hsb' on input line 1369.
Package xcolor Info: Model `Gray' substituted by `gray' on input line 1370.
Package xcolor Info: Model `wave' substituted by `hsb' on input line 1371.
)
(/usr/local/texlive/2019/texmf-dist/tex/latex/cite/cite.sty
LaTeX Info: Redefining \cite on input line 302.
LaTeX Info: Redefining \nocite on input line 332.
Package: cite 2015/02/27  v 5.5
)
(/usr/local/texlive/2019/texmf-dist/tex/latex/mathtools/mathtools.sty
Package: mathtools 2018/01/08 v1.21 mathematical typesetting tools

(/usr/local/texlive/2019/texmf-dist/tex/latex/tools/calc.sty
Package: calc 2017/05/25 v4.3 Infix arithmetic (KKT,FJ)
\calc@Acount=\count117
\calc@Bcount=\count118
\calc@Adimen=\dimen140
\calc@Bdimen=\dimen141
\calc@Askip=\skip49
\calc@Bskip=\skip50
LaTeX Info: Redefining \setlength on input line 80.
LaTeX Info: Redefining \addtolength on input line 81.
\calc@Ccount=\count119
\calc@Cskip=\skip51
)
(/usr/local/texlive/2019/texmf-dist/tex/latex/mathtools/mhsetup.sty
Package: mhsetup 2017/03/31 v1.3 programming setup (MH)
)
LaTeX Info: Thecontrolsequence`\('isalreadyrobust on input line 129.
LaTeX Info: Thecontrolsequence`\)'isalreadyrobust on input line 129.
LaTeX Info: Thecontrolsequence`\['isalreadyrobust on input line 129.
LaTeX Info: Thecontrolsequence`\]'isalreadyrobust on input line 129.
\g_MT_multlinerow_int=\count120
\l_MT_multwidth_dim=\dimen142
\origjot=\skip52
\l_MT_shortvdotswithinadjustabove_dim=\dimen143
\l_MT_shortvdotswithinadjustbelow_dim=\dimen144
\l_MT_above_intertext_sep=\dimen145
\l_MT_below_intertext_sep=\dimen146
\l_MT_above_shortintertext_sep=\dimen147
\l_MT_below_shortintertext_sep=\dimen148
)
Package hyperref Info: Option `colorlinks' set `false' on input line 30.

(./documentation.aux)
\openout1 = `documentation.aux'.

LaTeX Font Info:    Checking defaults for OML/cmm/m/it on input line 37.
LaTeX Font Info:    ... okay on input line 37.
LaTeX Font Info:    Checking defaults for T1/cmr/m/n on input line 37.
LaTeX Font Info:    ... okay on input line 37.
LaTeX Font Info:    Checking defaults for OT1/cmr/m/n on input line 37.
LaTeX Font Info:    ... okay on input line 37.
LaTeX Font Info:    Checking defaults for OMS/cmsy/m/n on input line 37.
LaTeX Font Info:    ... okay on input line 37.
LaTeX Font Info:    Checking defaults for OMX/cmex/m/n on input line 37.
LaTeX Font Info:    ... okay on input line 37.
LaTeX Font Info:    Checking defaults for U/cmr/m/n on input line 37.
LaTeX Font Info:    ... okay on input line 37.
LaTeX Font Info:    Checking defaults for PD1/pdf/m/n on input line 37.
LaTeX Font Info:    ... okay on input line 37.
\AtBeginShipoutBox=\box30
Package hyperref Info: Link coloring OFF on input line 37.

(/usr/local/texlive/2019/texmf-dist/tex/latex/hyperref/nameref.sty
Package: nameref 2016/05/21 v2.44 Cross-referencing by name of section

(/usr/local/texlive/2019/texmf-dist/tex/generic/oberdiek/gettitlestring.sty
Package: gettitlestring 2016/05/16 v1.5 Cleanup title references (HO)
)
\c@section@level=\count121
)
LaTeX Info: Redefining \ref on input line 37.
LaTeX Info: Redefining \pageref on input line 37.
LaTeX Info: Redefining \nameref on input line 37.

(./documentation.out) (./documentation.out)
\@outlinefile=\write3
\openout3 = `documentation.out'.


(/usr/local/texlive/2019/texmf-dist/tex/context/base/mkii/supp-pdf.mkii
[Loading MPS to PDF converter (version 2006.09.02).]
\scratchcounter=\count122
\scratchdimen=\dimen149
\scratchbox=\box31
\nofMPsegments=\count123
\nofMParguments=\count124
\everyMPshowfont=\toks22
\MPscratchCnt=\count125
\MPscratchDim=\dimen150
\MPnumerator=\count126
\makeMPintoPDFobject=\count127
\everyMPtoPDFconversion=\toks23
) (/usr/local/texlive/2019/texmf-dist/tex/latex/oberdiek/epstopdf-base.sty
Package: epstopdf-base 2016/05/15 v2.6 Base part for package epstopdf

(/usr/local/texlive/2019/texmf-dist/tex/latex/oberdiek/grfext.sty
Package: grfext 2016/05/16 v1.2 Manage graphics extensions (HO)
)
Package epstopdf-base Info: Redefining graphics rule for `.eps' on input line 4
38.
Package grfext Info: Graphics extension search list:
(grfext)             [.pdf,.png,.jpg,.mps,.jpeg,.jbig2,.jb2,.PDF,.PNG,.JPG,.JPE
G,.JBIG2,.JB2,.eps]
(grfext)             \AppendGraphicsExtensions on input line 456.

(/usr/local/texlive/2019/texmf-dist/tex/latex/latexconfig/epstopdf-sys.cfg
File: epstopdf-sys.cfg 2010/07/13 v1.3 Configuration of (r)epstopdf for TeX Liv
e
))
Package caption Info: Begin \AtBeginDocument code.
Package caption Info: End \AtBeginDocument code.

*geometry* driver: auto-detecting
*geometry* detected driver: pdftex
*geometry* verbose mode - [ preamble ] result:
* driver: pdftex
* paper: a4paper
* layout: <same size as paper>
* layoutoffset:(h,v)=(0.0pt,0.0pt)
* modes: 
* h-part:(L,W,R)=(36.135pt, 525.23788pt, 36.135pt)
* v-part:(T,H,B)=(36.135pt, 772.77686pt, 36.135pt)
* \paperwidth=597.50787pt
* \paperheight=845.04684pt
* \textwidth=525.23788pt
* \textheight=772.77686pt
* \oddsidemargin=-36.135pt
* \evensidemargin=-36.135pt
* \topmargin=-73.135pt
* \headheight=12.0pt
* \headsep=25.0pt
* \topskip=10.0pt
* \footskip=30.0pt
* \marginparwidth=65.0pt
* \marginparsep=11.0pt
* \columnsep=10.0pt
* \skip\footins=9.0pt plus 4.0pt minus 2.0pt
* \hoffset=0.0pt
* \voffset=0.0pt
* \mag=1000
* \@twocolumnfalse
* \@twosidefalse
* \@mparswitchfalse
* \@reversemarginfalse
* (1in=72.27pt=25.4mm, 1cm=28.453pt)

[1

{/usr/local/texlive/2019/texmf-var/fonts/map/pdftex/updmap/pdftex.map}]
(./documentation.toc
Overfull \hbox (0.61113pt too wide) detected at line 29
 []\OT1/cmr/m/n/10 xvii
 []


Overfull \hbox (0.61113pt too wide) detected at line 30
 []\OT1/cmr/m/n/10 xvii
 []


Overfull \hbox (3.38892pt too wide) detected at line 31
 []\OT1/cmr/m/n/10 xviii
 []


Overfull \hbox (0.61113pt too wide) detected at line 35
 []\OT1/cmr/m/n/10 xxii
 []


Overfull \hbox (3.11115pt too wide) detected at line 39
 []\OT1/cmr/m/n/10 xxiv
 []


Overfull \hbox (3.11115pt too wide) detected at line 40
 []\OT1/cmr/m/n/10 xxiv
 []


Overfull \hbox (3.11115pt too wide) detected at line 41
 []\OT1/cmr/m/n/10 xxiv
 []


Overfull \hbox (3.11115pt too wide) detected at line 42
 []\OT1/cmr/m/n/10 xxiv
 []


Overfull \hbox (3.11115pt too wide) detected at line 43
 []\OT1/cmr/m/n/10 xxiv
 []


Overfull \hbox (0.33336pt too wide) detected at line 44
 []\OT1/cmr/m/n/10 xxv
 []


Overfull \hbox (3.11115pt too wide) detected at line 45
 []\OT1/cmr/m/n/10 xxvi
 []


Overfull \hbox (3.11115pt too wide) detected at line 46
 []\OT1/cmr/m/n/10 xxvi
 []


Overfull \hbox (3.11115pt too wide) detected at line 47
 []\OT1/cmr/m/n/10 xxvi
 []


Overfull \hbox (5.88893pt too wide) detected at line 48
 []\OT1/cmr/m/n/10 xxvii
 []


Overfull \hbox (5.88893pt too wide) detected at line 49
 []\OT1/cmr/m/n/10 xxvii
 []


Overfull \hbox (8.66672pt too wide) detected at line 50
 []\OT1/cmr/m/n/10 xxviii
 []


Overfull \hbox (3.11115pt too wide) detected at line 51
 []\OT1/cmr/m/n/10 xxix
 []


Overfull \hbox (0.33336pt too wide) detected at line 52
 []\OT1/cmr/m/n/10 xxx
 []


Overfull \hbox (5.88893pt too wide) detected at line 56
 []\OT1/cmr/m/n/10 xxxii
 []


Overfull \hbox (5.88893pt too wide) detected at line 57
 []\OT1/cmr/m/n/10 xxxii
 []


Overfull \hbox (8.66672pt too wide) detected at line 58
 []\OT1/cmr/m/n/10 xxxiii
 []


Overfull \hbox (8.38895pt too wide) detected at line 59
 []\OT1/cmr/m/n/10 xxxiv
 []


Overfull \hbox (8.38895pt too wide) detected at line 60
 []\OT1/cmr/m/n/10 xxxiv
 []


Overfull \hbox (5.61116pt too wide) detected at line 61
 []\OT1/cmr/m/n/10 xxxv
 []

)
\tf@toc=\write4
\openout4 = `documentation.toc'.

 [2]
Underfull \hbox (badness 10000) in paragraph at lines 46--49

 []

LaTeX Font Info:    Try loading font information for OMS+cmr on input line 50.
(/usr/local/texlive/2019/texmf-dist/tex/latex/base/omscmr.fd
File: omscmr.fd 2014/09/29 v2.5h Standard LaTeX font definitions
)
LaTeX Font Info:    Font shape `OMS/cmr/m/n' in size <10> not available
(Font)              Font shape `OMS/cmsy/m/n' tried instead on input line 50.

Underfull \hbox (badness 10000) in paragraph at lines 54--56

 []

[3]
<../../altitudeVpressure/avp.png, id=308, 542.025pt x 289.08pt>
File: ../../altitudeVpressure/avp.png Graphic file (type png)
<use ../../altitudeVpressure/avp.png>
Package pdftex.def Info: ../../altitudeVpressure/avp.png  used on input line 73
.
(pdftex.def)             Requested size: 525.23788pt x 280.13818pt.

Underfull \hbox (badness 10000) in paragraph at lines 76--79

 []


Underfull \hbox (badness 10000) in paragraph at lines 76--79

 []


Underfull \hbox (badness 10000) in paragraph at lines 81--88

 []


Underfull \hbox (badness 10000) in paragraph at lines 81--88

 []

[4 <../../altitudeVpressure/avp.png>]
Underfull \hbox (badness 10000) in paragraph at lines 115--120

 []

[5]
<../../temperature/250v850/temp_plot_250v850.png, id=335, 462.528pt x 346.896pt
>
File: ../../temperature/250v850/temp_plot_250v850.png Graphic file (type png)
<use ../../temperature/250v850/temp_plot_250v850.png>
Package pdftex.def Info: ../../temperature/250v850/temp_plot_250v850.png  used 
on input line 128.
(pdftex.def)             Requested size: 367.6649pt x 275.75983pt.
<olrVisr_lat.jpg, id=336, 614.7768pt x 420.1296pt>
File: olrVisr_lat.jpg Graphic file (type jpg)
<use olrVisr_lat.jpg>
Package pdftex.def Info: olrVisr_lat.jpg  used on input line 135.
(pdftex.def)             Requested size: 420.19191pt x 287.1588pt.

Underfull \hbox (badness 10000) in paragraph at lines 138--146

 []


Underfull \hbox (badness 10000) in paragraph at lines 138--146

 []


Underfull \hbox (badness 10000) in paragraph at lines 138--146

 []

[6 <../../temperature/250v850/temp_plot_250v850.png> <./olrVisr_lat.jpg>]
Underfull \hbox (badness 10000) in paragraph at lines 148--153

 []


Underfull \hbox (badness 10000) in paragraph at lines 148--153

 []

<../../temperature/seasonal/ws850.png, id=347, 578.16pt x 433.62pt>
File: ../../temperature/seasonal/ws850.png Graphic file (type png)
<use ../../temperature/seasonal/ws850.png>
Package pdftex.def Info: ../../temperature/seasonal/ws850.png  used on input li
ne 159.
(pdftex.def)             Requested size: 367.6649pt x 275.74925pt.

LaTeX Warning: `!h' float specifier changed to `!ht'.


Underfull \hbox (badness 10000) in paragraph at lines 162--169

 []


Underfull \hbox (badness 10000) in paragraph at lines 162--169

 []


Underfull \hbox (badness 10000) in paragraph at lines 162--169

 []

[7]
<../../temperature/seasonal/ws250.png, id=355, 578.16pt x 433.62pt>
File: ../../temperature/seasonal/ws250.png Graphic file (type png)
<use ../../temperature/seasonal/ws250.png>
Package pdftex.def Info: ../../temperature/seasonal/ws250.png  used on input li
ne 173.
(pdftex.def)             Requested size: 367.6649pt x 275.74925pt.
<../../temperature/contour/color_map.png, id=356, 462.528pt x 346.896pt>
File: ../../temperature/contour/color_map.png Graphic file (type png)
<use ../../temperature/contour/color_map.png>
Package pdftex.def Info: ../../temperature/contour/color_map.png  used on input
 line 182.
(pdftex.def)             Requested size: 367.6649pt x 275.75983pt.
 [8 <../../temperature/seasonal/ws850.png> <../../temperature/seasonal/ws250.pn
g>]
<../../temperature/contour/contour_map.png, id=365, 462.528pt x 346.896pt>
File: ../../temperature/contour/contour_map.png Graphic file (type png)
<use ../../temperature/contour/contour_map.png>
Package pdftex.def Info: ../../temperature/contour/contour_map.png  used on inp
ut line 194.
(pdftex.def)             Requested size: 367.6649pt x 275.75983pt.
 [9 <../../temperature/contour/color_map.png> <../../temperature/contour/contou
r_map.png>]
<../../temperature/heatmap/Standard/850.png, id=375, 462.528pt x 346.896pt>
File: ../../temperature/heatmap/Standard/850.png Graphic file (type png)
<use ../../temperature/heatmap/Standard/850.png>
Package pdftex.def Info: ../../temperature/heatmap/Standard/850.png  used on in
put line 210.
(pdftex.def)             Requested size: 262.61894pt x 196.97055pt.
<../../temperature/heatmap/Standard/250.png, id=376, 462.528pt x 346.896pt>
File: ../../temperature/heatmap/Standard/250.png Graphic file (type png)
<use ../../temperature/heatmap/Standard/250.png>
Package pdftex.def Info: ../../temperature/heatmap/Standard/250.png  used on in
put line 215.
(pdftex.def)             Requested size: 315.14594pt x 236.37312pt.
 [10 <../../temperature/heatmap/Standard/850.png> <../../temperature/heatmap/St
andard/250.png>]
<../../temperature/heatmap/Orthographic/850/1.png, id=389, 462.528pt x 346.896p
t>
File: ../../temperature/heatmap/Orthographic/850/1.png Graphic file (type png)
<use ../../temperature/heatmap/Orthographic/850/1.png>
Package pdftex.def Info: ../../temperature/heatmap/Orthographic/850/1.png  used
 on input line 226.
(pdftex.def)             Requested size: 239.21661pt x 179.413pt.
<../../temperature/heatmap/Orthographic/850/30.png, id=390, 462.528pt x 346.896
pt>
File: ../../temperature/heatmap/Orthographic/850/30.png Graphic file (type png)

<use ../../temperature/heatmap/Orthographic/850/30.png>
Package pdftex.def Info: ../../temperature/heatmap/Orthographic/850/30.png  use
d on input line 231.
(pdftex.def)             Requested size: 239.21661pt x 179.413pt.
<../../temperature/heatmap/Orthographic/850/60.png, id=391, 462.528pt x 346.896
pt>
File: ../../temperature/heatmap/Orthographic/850/60.png Graphic file (type png)

<use ../../temperature/heatmap/Orthographic/850/60.png>
Package pdftex.def Info: ../../temperature/heatmap/Orthographic/850/60.png  use
d on input line 236.
(pdftex.def)             Requested size: 239.21661pt x 179.413pt.
<../../temperature/heatmap/Orthographic/850/90.png, id=392, 462.528pt x 346.896
pt>
File: ../../temperature/heatmap/Orthographic/850/90.png Graphic file (type png)

<use ../../temperature/heatmap/Orthographic/850/90.png>
Package pdftex.def Info: ../../temperature/heatmap/Orthographic/850/90.png  use
d on input line 241.
(pdftex.def)             Requested size: 239.21661pt x 179.413pt.
<../../temperature/heatmap/Orthographic/850/120.png, id=393, 462.528pt x 346.89
6pt>
File: ../../temperature/heatmap/Orthographic/850/120.png Graphic file (type png
)
<use ../../temperature/heatmap/Orthographic/850/120.png>
Package pdftex.def Info: ../../temperature/heatmap/Orthographic/850/120.png  us
ed on input line 246.
(pdftex.def)             Requested size: 239.21661pt x 179.413pt.
<../../temperature/heatmap/Orthographic/850/130.png, id=394, 462.528pt x 346.89
6pt>
File: ../../temperature/heatmap/Orthographic/850/130.png Graphic file (type png
)
<use ../../temperature/heatmap/Orthographic/850/130.png>
Package pdftex.def Info: ../../temperature/heatmap/Orthographic/850/130.png  us
ed on input line 251.
(pdftex.def)             Requested size: 239.21661pt x 179.413pt.

Underfull \hbox (badness 10000) in paragraph at lines 224--254
[][] []
 []


Underfull \hbox (badness 10000) in paragraph at lines 224--254
[] []
 []

[11 <../../temperature/heatmap/Orthographic/850/1.png> <../../temperature/heatm
ap/Orthographic/850/30.png> <../../temperature/heatmap/Orthographic/850/60.png>
 <../../temperature/heatmap/Orthographic/850/90.png> <../../temperature/heatmap
/Orthographic/850/120.png> <../../temperature/heatmap/Orthographic/850/130.png>
]
<../../temperature/heatmap/Orthographic/250/1.png, id=409, 462.528pt x 346.896p
t>
File: ../../temperature/heatmap/Orthographic/250/1.png Graphic file (type png)
<use ../../temperature/heatmap/Orthographic/250/1.png>
Package pdftex.def Info: ../../temperature/heatmap/Orthographic/250/1.png  used
 on input line 261.
(pdftex.def)             Requested size: 239.21661pt x 179.413pt.
<../../temperature/heatmap/Orthographic/250/60.png, id=410, 462.528pt x 346.896
pt>
File: ../../temperature/heatmap/Orthographic/250/60.png Graphic file (type png)

<use ../../temperature/heatmap/Orthographic/250/60.png>
Package pdftex.def Info: ../../temperature/heatmap/Orthographic/250/60.png  use
d on input line 266.
(pdftex.def)             Requested size: 239.21661pt x 179.413pt.
<../../temperature/heatmap/Orthographic/250/120.png, id=411, 462.528pt x 346.89
6pt>
File: ../../temperature/heatmap/Orthographic/250/120.png Graphic file (type png
)
<use ../../temperature/heatmap/Orthographic/250/120.png>
Package pdftex.def Info: ../../temperature/heatmap/Orthographic/250/120.png  us
ed on input line 271.
(pdftex.def)             Requested size: 239.21661pt x 179.413pt.
<../../temperature/heatmap/Orthographic/250/180.png, id=412, 462.528pt x 346.89
6pt>
File: ../../temperature/heatmap/Orthographic/250/180.png Graphic file (type png
)
<use ../../temperature/heatmap/Orthographic/250/180.png>
Package pdftex.def Info: ../../temperature/heatmap/Orthographic/250/180.png  us
ed on input line 276.
(pdftex.def)             Requested size: 239.21661pt x 179.413pt.
<../../temperature/heatmap/Orthographic/250/240.png, id=413, 462.528pt x 346.89
6pt>
File: ../../temperature/heatmap/Orthographic/250/240.png Graphic file (type png
)
<use ../../temperature/heatmap/Orthographic/250/240.png>
Package pdftex.def Info: ../../temperature/heatmap/Orthographic/250/240.png  us
ed on input line 281.
(pdftex.def)             Requested size: 239.21661pt x 179.413pt.
<../../temperature/heatmap/Orthographic/250/300.png, id=414, 462.528pt x 346.89
6pt>
File: ../../temperature/heatmap/Orthographic/250/300.png Graphic file (type png
)
<use ../../temperature/heatmap/Orthographic/250/300.png>
Package pdftex.def Info: ../../temperature/heatmap/Orthographic/250/300.png  us
ed on input line 286.
(pdftex.def)             Requested size: 239.21661pt x 179.413pt.

Underfull \hbox (badness 10000) in paragraph at lines 259--289
[][] []
 []


Underfull \hbox (badness 10000) in paragraph at lines 259--289
[] []
 []

[12 <../../temperature/heatmap/Orthographic/250/1.png> <../../temperature/heatm
ap/Orthographic/250/60.png> <../../temperature/heatmap/Orthographic/250/120.png
> <../../temperature/heatmap/Orthographic/250/180.png> <../../temperature/heatm
ap/Orthographic/250/240.png> <../../temperature/heatmap/Orthographic/250/300.pn
g>]
<../../temperature/heatmap/SouthPolarStereo/850.png, id=427, 462.528pt x 346.89
6pt>
File: ../../temperature/heatmap/SouthPolarStereo/850.png Graphic file (type png
)
<use ../../temperature/heatmap/SouthPolarStereo/850.png>
Package pdftex.def Info: ../../temperature/heatmap/SouthPolarStereo/850.png  us
ed on input line 297.
(pdftex.def)             Requested size: 420.19191pt x 315.1571pt.
<../../temperature/heatmap/SouthPolarStereo/250.png, id=428, 462.528pt x 346.89
6pt>
File: ../../temperature/heatmap/SouthPolarStereo/250.png Graphic file (type png
)
<use ../../temperature/heatmap/SouthPolarStereo/250.png>
Package pdftex.def Info: ../../temperature/heatmap/SouthPolarStereo/250.png  us
ed on input line 302.
(pdftex.def)             Requested size: 420.19191pt x 315.1571pt.
<../../temperature/heatmap/NorthPolarStereo/850.png, id=429, 462.528pt x 346.89
6pt>
File: ../../temperature/heatmap/NorthPolarStereo/850.png Graphic file (type png
)
<use ../../temperature/heatmap/NorthPolarStereo/850.png>
Package pdftex.def Info: ../../temperature/heatmap/NorthPolarStereo/850.png  us
ed on input line 312.
(pdftex.def)             Requested size: 420.19191pt x 315.1571pt.
<../../temperature/heatmap/NorthPolarStereo/250.png, id=430, 462.528pt x 346.89
6pt>
File: ../../temperature/heatmap/NorthPolarStereo/250.png Graphic file (type png
)
<use ../../temperature/heatmap/NorthPolarStereo/250.png>
Package pdftex.def Info: ../../temperature/heatmap/NorthPolarStereo/250.png  us
ed on input line 317.
(pdftex.def)             Requested size: 420.19191pt x 315.1571pt.
 [13 <../../temperature/heatmap/SouthPolarStereo/850.png> <../../temperature/he
atmap/SouthPolarStereo/250.png>] [14 <../../temperature/heatmap/NorthPolarStere
o/850.png> <../../temperature/heatmap/NorthPolarStereo/250.png>]
<../Zonal/general/plot_250v850.png, id=446, 462.528pt x 346.896pt>
File: ../Zonal/general/plot_250v850.png Graphic file (type png)
<use ../Zonal/general/plot_250v850.png>
Package pdftex.def Info: ../Zonal/general/plot_250v850.png  used on input line 
330.
(pdftex.def)             Requested size: 367.6649pt x 275.75983pt.

Underfull \hbox (badness 10000) in paragraph at lines 334--335

 []


Underfull \hbox (badness 10000) in paragraph at lines 334--335

 []


Underfull \hbox (badness 10000) in paragraph at lines 337--341

 []


Underfull \hbox (badness 10000) in paragraph at lines 343--346

 []


Underfull \hbox (badness 10000) in paragraph at lines 343--346

 []

[15 <../Zonal/general/plot_250v850.png>]
<../Zonal/seasonal/ws850.png, id=453, 578.16pt x 433.62pt>
File: ../Zonal/seasonal/ws850.png Graphic file (type png)
<use ../Zonal/seasonal/ws850.png>
Package pdftex.def Info: ../Zonal/seasonal/ws850.png  used on input line 352.
(pdftex.def)             Requested size: 367.6649pt x 275.74925pt.

Underfull \hbox (badness 10000) in paragraph at lines 355--356

 []

<../Zonal/seasonal/ws250.png, id=454, 578.16pt x 433.62pt>
File: ../Zonal/seasonal/ws250.png Graphic file (type png)
<use ../Zonal/seasonal/ws250.png>
Package pdftex.def Info: ../Zonal/seasonal/ws250.png  used on input line 360.
(pdftex.def)             Requested size: 367.6649pt x 275.74925pt.

LaTeX Warning: `!h' float specifier changed to `!ht'.

[16 <../Zonal/seasonal/ws850.png>]
Underfull \hbox (badness 10000) in paragraph at lines 369--372

 []

<../Zonal/contour/color_map.png, id=461, 462.528pt x 346.896pt>
File: ../Zonal/contour/color_map.png Graphic file (type png)
<use ../Zonal/contour/color_map.png>
Package pdftex.def Info: ../Zonal/contour/color_map.png  used on input line 375
.
(pdftex.def)             Requested size: 367.6649pt x 275.75983pt.
[17 <../Zonal/seasonal/ws250.png> <../Zonal/contour/color_map.png>]
<../Zonal/contour/contour_plot.png, id=470, 462.528pt x 346.896pt>
File: ../Zonal/contour/contour_plot.png Graphic file (type png)
<use ../Zonal/contour/contour_plot.png>
Package pdftex.def Info: ../Zonal/contour/contour_plot.png  used on input line 
382.
(pdftex.def)             Requested size: 367.6649pt x 275.75983pt.
 [18 <../Zonal/contour/contour_plot.png>]
<../Zonal/heatmap/Standard/standard_850.png, id=477, 462.528pt x 308.5929pt>
File: ../Zonal/heatmap/Standard/standard_850.png Graphic file (type png)
<use ../Zonal/heatmap/Standard/standard_850.png>
Package pdftex.def Info: ../Zonal/heatmap/Standard/standard_850.png  used on in
put line 393.
(pdftex.def)             Requested size: 420.19191pt x 280.3585pt.
<../Zonal/heatmap/Standard/standard_250.png, id=478, 462.528pt x 307.1475pt>
File: ../Zonal/heatmap/Standard/standard_250.png Graphic file (type png)
<use ../Zonal/heatmap/Standard/standard_250.png>
Package pdftex.def Info: ../Zonal/heatmap/Standard/standard_250.png  used on in
put line 398.
(pdftex.def)             Requested size: 420.19191pt x 279.04536pt.
 [19 <../Zonal/heatmap/Standard/standard_850.png> <../Zonal/heatmap/Standard/st
andard_250.png>]
Underfull \hbox (badness 10000) in paragraph at lines 404--419

 []


Underfull \hbox (badness 10000) in paragraph at lines 404--419

 []


Underfull \hbox (badness 10000) in paragraph at lines 404--419

 []


Underfull \hbox (badness 10000) in paragraph at lines 404--419

 []


Underfull \hbox (badness 10000) in paragraph at lines 404--419

 []


Underfull \hbox (badness 10000) in paragraph at lines 404--419

 []


Underfull \hbox (badness 10000) in paragraph at lines 404--419

 []


Underfull \hbox (badness 10000) in paragraph at lines 404--419

 []

[20]
<../Zonal/heatmap/North_Polar_Stereo/north850.png, id=492, 462.528pt x 311.4837
pt>
File: ../Zonal/heatmap/North_Polar_Stereo/north850.png Graphic file (type png)
<use ../Zonal/heatmap/North_Polar_Stereo/north850.png>
Package pdftex.def Info: ../Zonal/heatmap/North_Polar_Stereo/north850.png  used
 on input line 424.
(pdftex.def)             Requested size: 420.19191pt x 282.98483pt.
<../Zonal/heatmap/North_Polar_Stereo/north250.png, id=493, 462.528pt x 315.0972
pt>
File: ../Zonal/heatmap/North_Polar_Stereo/north250.png Graphic file (type png)
<use ../Zonal/heatmap/North_Polar_Stereo/north250.png>
Package pdftex.def Info: ../Zonal/heatmap/North_Polar_Stereo/north250.png  used
 on input line 429.
(pdftex.def)             Requested size: 420.19191pt x 286.2677pt.
 [21 <../Zonal/heatmap/North_Polar_Stereo/north850.png> <../Zonal/heatmap/North
_Polar_Stereo/north250.png>]
<../Zonal/heatmap/850mbar/0.png, id=501, 462.528pt x 346.896pt>
File: ../Zonal/heatmap/850mbar/0.png Graphic file (type png)
<use ../Zonal/heatmap/850mbar/0.png>
Package pdftex.def Info: ../Zonal/heatmap/850mbar/0.png  used on input line 442
.
(pdftex.def)             Requested size: 239.21661pt x 179.413pt.
<../Zonal/heatmap/850mbar/60.png, id=502, 462.528pt x 346.896pt>
File: ../Zonal/heatmap/850mbar/60.png Graphic file (type png)
<use ../Zonal/heatmap/850mbar/60.png>
Package pdftex.def Info: ../Zonal/heatmap/850mbar/60.png  used on input line 44
6.
(pdftex.def)             Requested size: 239.21661pt x 179.413pt.
<../Zonal/heatmap/850mbar/120.png, id=503, 462.528pt x 346.896pt>
File: ../Zonal/heatmap/850mbar/120.png Graphic file (type png)
<use ../Zonal/heatmap/850mbar/120.png>
Package pdftex.def Info: ../Zonal/heatmap/850mbar/120.png  used on input line 4
50.
(pdftex.def)             Requested size: 239.21661pt x 179.413pt.
<../Zonal/heatmap/850mbar/180.png, id=504, 462.528pt x 346.896pt>
File: ../Zonal/heatmap/850mbar/180.png Graphic file (type png)
<use ../Zonal/heatmap/850mbar/180.png>
Package pdftex.def Info: ../Zonal/heatmap/850mbar/180.png  used on input line 4
54.
(pdftex.def)             Requested size: 239.21661pt x 179.413pt.
<../Zonal/heatmap/850mbar/240.png, id=505, 462.528pt x 346.896pt>
File: ../Zonal/heatmap/850mbar/240.png Graphic file (type png)
<use ../Zonal/heatmap/850mbar/240.png>
Package pdftex.def Info: ../Zonal/heatmap/850mbar/240.png  used on input line 4
58.
(pdftex.def)             Requested size: 239.21661pt x 179.413pt.
<../Zonal/heatmap/850mbar/300.png, id=506, 462.528pt x 346.896pt>
File: ../Zonal/heatmap/850mbar/300.png Graphic file (type png)
<use ../Zonal/heatmap/850mbar/300.png>
Package pdftex.def Info: ../Zonal/heatmap/850mbar/300.png  used on input line 4
62.
(pdftex.def)             Requested size: 239.21661pt x 179.413pt.
 [22 <../Zonal/heatmap/850mbar/0.png> <../Zonal/heatmap/850mbar/60.png> <../Zon
al/heatmap/850mbar/120.png> <../Zonal/heatmap/850mbar/180.png> <../Zonal/heatma
p/850mbar/240.png> <../Zonal/heatmap/850mbar/300.png>]
<../Zonal/heatmap/250mbar/0.png, id=519, 462.528pt x 346.896pt>
File: ../Zonal/heatmap/250mbar/0.png Graphic file (type png)
<use ../Zonal/heatmap/250mbar/0.png>
Package pdftex.def Info: ../Zonal/heatmap/250mbar/0.png  used on input line 472
.
(pdftex.def)             Requested size: 239.21661pt x 179.413pt.
<../Zonal/heatmap/250mbar/60.png, id=520, 462.528pt x 346.896pt>
File: ../Zonal/heatmap/250mbar/60.png Graphic file (type png)
<use ../Zonal/heatmap/250mbar/60.png>
Package pdftex.def Info: ../Zonal/heatmap/250mbar/60.png  used on input line 47
6.
(pdftex.def)             Requested size: 239.21661pt x 179.413pt.
<../Zonal/heatmap/250mbar/120.png, id=521, 462.528pt x 346.896pt>
File: ../Zonal/heatmap/250mbar/120.png Graphic file (type png)
<use ../Zonal/heatmap/250mbar/120.png>
Package pdftex.def Info: ../Zonal/heatmap/250mbar/120.png  used on input line 4
80.
(pdftex.def)             Requested size: 239.21661pt x 179.413pt.
<../Zonal/heatmap/250mbar/180.png, id=522, 462.528pt x 346.896pt>
File: ../Zonal/heatmap/250mbar/180.png Graphic file (type png)
<use ../Zonal/heatmap/250mbar/180.png>
Package pdftex.def Info: ../Zonal/heatmap/250mbar/180.png  used on input line 4
84.
(pdftex.def)             Requested size: 239.21661pt x 179.413pt.
<../Zonal/heatmap/250mbar/240.png, id=523, 462.528pt x 346.896pt>
File: ../Zonal/heatmap/250mbar/240.png Graphic file (type png)
<use ../Zonal/heatmap/250mbar/240.png>
Package pdftex.def Info: ../Zonal/heatmap/250mbar/240.png  used on input line 4
88.
(pdftex.def)             Requested size: 239.21661pt x 179.413pt.
<../Zonal/heatmap/250mbar/300.png, id=524, 462.528pt x 346.896pt>
File: ../Zonal/heatmap/250mbar/300.png Graphic file (type png)
<use ../Zonal/heatmap/250mbar/300.png>
Package pdftex.def Info: ../Zonal/heatmap/250mbar/300.png  used on input line 4
92.
(pdftex.def)             Requested size: 239.21661pt x 179.413pt.
 [23 <../Zonal/heatmap/250mbar/0.png> <../Zonal/heatmap/250mbar/60.png> <../Zon
al/heatmap/250mbar/120.png> <../Zonal/heatmap/250mbar/180.png> <../Zonal/heatma
p/250mbar/240.png> <../Zonal/heatmap/250mbar/300.png>]
<../Meridional/latitudinal_profile/htVlat.png, id=537, 462.528pt x 346.896pt>
File: ../Meridional/latitudinal_profile/htVlat.png Graphic file (type png)
<use ../Meridional/latitudinal_profile/htVlat.png>
Package pdftex.def Info: ../Meridional/latitudinal_profile/htVlat.png  used on 
input line 506.
(pdftex.def)             Requested size: 367.6649pt x 275.75983pt.

Underfull \hbox (badness 10000) in paragraph at lines 502--509

 []

<../Meridional/seasonal/ws850.png, id=538, 462.528pt x 346.896pt>
File: ../Meridional/seasonal/ws850.png Graphic file (type png)
<use ../Meridional/seasonal/ws850.png>
Package pdftex.def Info: ../Meridional/seasonal/ws850.png  used on input line 5
20.
(pdftex.def)             Requested size: 420.19191pt x 315.1571pt.

LaTeX Warning: `!h' float specifier changed to `!ht'.

<../Meridional/seasonal/ws250.png, id=539, 462.528pt x 346.896pt>
File: ../Meridional/seasonal/ws250.png Graphic file (type png)
<use ../Meridional/seasonal/ws250.png>
Package pdftex.def Info: ../Meridional/seasonal/ws250.png  used on input line 5
27.
(pdftex.def)             Requested size: 420.19191pt x 315.1571pt.
[24 <../Meridional/latitudinal_profile/htVlat.png>] [25 <../Meridional/seasonal
/ws850.png> <../Meridional/seasonal/ws250.png>]
<../Meridional/contour/colormap.png, id=555, 462.528pt x 346.896pt>
File: ../Meridional/contour/colormap.png Graphic file (type png)
<use ../Meridional/contour/colormap.png>
Package pdftex.def Info: ../Meridional/contour/colormap.png  used on input line
 536.
(pdftex.def)             Requested size: 367.6649pt x 275.75983pt.
<../Meridional/contour/contour_plot.png, id=556, 462.528pt x 346.896pt>
File: ../Meridional/contour/contour_plot.png Graphic file (type png)
<use ../Meridional/contour/contour_plot.png>
Package pdftex.def Info: ../Meridional/contour/contour_plot.png  used on input 
line 543.
(pdftex.def)             Requested size: 367.6649pt x 275.75983pt.
 [26 <../Meridional/contour/colormap.png> <../Meridional/contour/contour_plot.p
ng>]
<../Meridional/heatmap/Standard/850.png, id=565, 461.8053pt x 310.761pt>
File: ../Meridional/heatmap/Standard/850.png Graphic file (type png)
<use ../Meridional/heatmap/Standard/850.png>
Package pdftex.def Info: ../Meridional/heatmap/Standard/850.png  used on input 
line 554.
(pdftex.def)             Requested size: 420.19191pt x 282.76924pt.
<../Meridional/heatmap/Standard/250.png, id=566, 462.528pt x 311.4837pt>
File: ../Meridional/heatmap/Standard/250.png Graphic file (type png)
<use ../Meridional/heatmap/Standard/250.png>
Package pdftex.def Info: ../Meridional/heatmap/Standard/250.png  used on input 
line 559.
(pdftex.def)             Requested size: 420.19191pt x 282.98483pt.
 [27 <../Meridional/heatmap/Standard/850.png> <../Meridional/heatmap/Standard/2
50.png>]
<../Meridional/heatmap/North_Polar_Stereo/850.png, id=574, 433.62pt x 309.3156p
t>
File: ../Meridional/heatmap/North_Polar_Stereo/850.png Graphic file (type png)
<use ../Meridional/heatmap/North_Polar_Stereo/850.png>
Package pdftex.def Info: ../Meridional/heatmap/North_Polar_Stereo/850.png  used
 on input line 569.
(pdftex.def)             Requested size: 446.4554pt x 318.48534pt.
<../Meridional/heatmap/North_Polar_Stereo/250.png, id=575, 446.6286pt x 303.534
pt>
File: ../Meridional/heatmap/North_Polar_Stereo/250.png Graphic file (type png)
<use ../Meridional/heatmap/North_Polar_Stereo/250.png>
Package pdftex.def Info: ../Meridional/heatmap/North_Polar_Stereo/250.png  used
 on input line 574.
(pdftex.def)             Requested size: 446.4554pt x 303.41745pt.
 [28 <../Meridional/heatmap/North_Polar_Stereo/850.png> <../Meridional/heatmap/
North_Polar_Stereo/250.png>]
<../Meridional/heatmap/South_Polar_Stereo/850.png, id=583, 462.528pt x 310.0383
pt>
File: ../Meridional/heatmap/South_Polar_Stereo/850.png Graphic file (type png)
<use ../Meridional/heatmap/South_Polar_Stereo/850.png>
Package pdftex.def Info: ../Meridional/heatmap/South_Polar_Stereo/850.png  used
 on input line 584.
(pdftex.def)             Requested size: 446.4554pt x 299.2797pt.
<../Meridional/heatmap/South_Polar_Stereo/250.png, id=584, 462.528pt x 315.8199
pt>
File: ../Meridional/heatmap/South_Polar_Stereo/250.png Graphic file (type png)
<use ../Meridional/heatmap/South_Polar_Stereo/250.png>
Package pdftex.def Info: ../Meridional/heatmap/South_Polar_Stereo/250.png  used
 on input line 589.
(pdftex.def)             Requested size: 446.4554pt x 304.86067pt.
 [29 <../Meridional/heatmap/South_Polar_Stereo/850.png> <../Meridional/heatmap/
South_Polar_Stereo/250.png>]
<../Meridional/heatmap/850mbar/0.png, id=592, 462.528pt x 346.896pt>
File: ../Meridional/heatmap/850mbar/0.png Graphic file (type png)
<use ../Meridional/heatmap/850mbar/0.png>
Package pdftex.def Info: ../Meridional/heatmap/850mbar/0.png  used on input lin
e 602.
(pdftex.def)             Requested size: 239.21661pt x 179.413pt.
<../Meridional/heatmap/850mbar/60.png, id=593, 462.528pt x 346.896pt>
File: ../Meridional/heatmap/850mbar/60.png Graphic file (type png)
<use ../Meridional/heatmap/850mbar/60.png>
Package pdftex.def Info: ../Meridional/heatmap/850mbar/60.png  used on input li
ne 606.
(pdftex.def)             Requested size: 239.21661pt x 179.413pt.
<../Meridional/heatmap/850mbar/120.png, id=594, 462.528pt x 346.896pt>
File: ../Meridional/heatmap/850mbar/120.png Graphic file (type png)
<use ../Meridional/heatmap/850mbar/120.png>
Package pdftex.def Info: ../Meridional/heatmap/850mbar/120.png  used on input l
ine 610.
(pdftex.def)             Requested size: 239.21661pt x 179.413pt.
<../Meridional/heatmap/850mbar/180.png, id=595, 462.528pt x 346.896pt>
File: ../Meridional/heatmap/850mbar/180.png Graphic file (type png)
<use ../Meridional/heatmap/850mbar/180.png>
Package pdftex.def Info: ../Meridional/heatmap/850mbar/180.png  used on input l
ine 614.
(pdftex.def)             Requested size: 239.21661pt x 179.413pt.
<../Meridional/heatmap/850mbar/240.png, id=596, 462.528pt x 346.896pt>
File: ../Meridional/heatmap/850mbar/240.png Graphic file (type png)
<use ../Meridional/heatmap/850mbar/240.png>
Package pdftex.def Info: ../Meridional/heatmap/850mbar/240.png  used on input l
ine 618.
(pdftex.def)             Requested size: 239.21661pt x 179.413pt.
<../Meridional/heatmap/850mbar/300.png, id=597, 462.528pt x 346.896pt>
File: ../Meridional/heatmap/850mbar/300.png Graphic file (type png)
<use ../Meridional/heatmap/850mbar/300.png>
Package pdftex.def Info: ../Meridional/heatmap/850mbar/300.png  used on input l
ine 622.
(pdftex.def)             Requested size: 239.21661pt x 179.413pt.
 [30 <../Meridional/heatmap/850mbar/0.png> <../Meridional/heatmap/850mbar/60.pn
g> <../Meridional/heatmap/850mbar/120.png> <../Meridional/heatmap/850mbar/180.p
ng> <../Meridional/heatmap/850mbar/240.png> <../Meridional/heatmap/850mbar/300.
png>]
<../Meridional/heatmap/250mbar/0.png, id=610, 462.528pt x 346.896pt>
File: ../Meridional/heatmap/250mbar/0.png Graphic file (type png)
<use ../Meridional/heatmap/250mbar/0.png>
Package pdftex.def Info: ../Meridional/heatmap/250mbar/0.png  used on input lin
e 632.
(pdftex.def)             Requested size: 239.21661pt x 179.413pt.
<../Meridional/heatmap/250mbar/60.png, id=611, 462.528pt x 346.896pt>
File: ../Meridional/heatmap/250mbar/60.png Graphic file (type png)
<use ../Meridional/heatmap/250mbar/60.png>
Package pdftex.def Info: ../Meridional/heatmap/250mbar/60.png  used on input li
ne 636.
(pdftex.def)             Requested size: 239.21661pt x 179.413pt.
<../Meridional/heatmap/250mbar/120.png, id=612, 462.528pt x 346.896pt>
File: ../Meridional/heatmap/250mbar/120.png Graphic file (type png)
<use ../Meridional/heatmap/250mbar/120.png>
Package pdftex.def Info: ../Meridional/heatmap/250mbar/120.png  used on input l
ine 640.
(pdftex.def)             Requested size: 239.21661pt x 179.413pt.
<../Meridional/heatmap/250mbar/180.png, id=613, 462.528pt x 346.896pt>
File: ../Meridional/heatmap/250mbar/180.png Graphic file (type png)
<use ../Meridional/heatmap/250mbar/180.png>
Package pdftex.def Info: ../Meridional/heatmap/250mbar/180.png  used on input l
ine 644.
(pdftex.def)             Requested size: 239.21661pt x 179.413pt.
<../Meridional/heatmap/250mbar/240.png, id=614, 462.528pt x 346.896pt>
File: ../Meridional/heatmap/250mbar/240.png Graphic file (type png)
<use ../Meridional/heatmap/250mbar/240.png>
Package pdftex.def Info: ../Meridional/heatmap/250mbar/240.png  used on input l
ine 648.
(pdftex.def)             Requested size: 239.21661pt x 179.413pt.
<../Meridional/heatmap/250mbar/300.png, id=615, 462.528pt x 346.896pt>
File: ../Meridional/heatmap/250mbar/300.png Graphic file (type png)
<use ../Meridional/heatmap/250mbar/300.png>
Package pdftex.def Info: ../Meridional/heatmap/250mbar/300.png  used on input l
ine 652.
(pdftex.def)             Requested size: 239.21661pt x 179.413pt.
 [31 <../Meridional/heatmap/250mbar/0.png> <../Meridional/heatmap/250mbar/60.pn
g> <../Meridional/heatmap/250mbar/120.png> <../Meridional/heatmap/250mbar/180.p
ng> <../Meridional/heatmap/250mbar/240.png> <../Meridional/heatmap/250mbar/300.
png>]
<../Anomalies/250anomalies/jan850.png, id=629, 542.025pt x 650.43pt>
File: ../Anomalies/250anomalies/jan850.png Graphic file (type png)
<use ../Anomalies/250anomalies/jan850.png>
Package pdftex.def Info: ../Anomalies/250anomalies/jan850.png  used on input li
ne 670.
(pdftex.def)             Requested size: 446.4554pt x 535.76776pt.
 [32 <../Anomalies/250anomalies/jan850.png>]
<../Anomalies/250anomalies/jan250.png, id=636, 542.025pt x 650.43pt>
File: ../Anomalies/250anomalies/jan250.png Graphic file (type png)
<use ../Anomalies/250anomalies/jan250.png>
Package pdftex.def Info: ../Anomalies/250anomalies/jan250.png  used on input li
ne 679.
(pdftex.def)             Requested size: 446.4554pt x 535.76776pt.
 [33 <../Anomalies/250anomalies/jan250.png>]
<../Anomalies/250anomalies/july850.png, id=643, 542.025pt x 650.43pt>
File: ../Anomalies/250anomalies/july850.png Graphic file (type png)
<use ../Anomalies/250anomalies/july850.png>
Package pdftex.def Info: ../Anomalies/250anomalies/july850.png  used on input l
ine 689.
(pdftex.def)             Requested size: 498.97438pt x 598.78993pt.

Underfull \hbox (badness 10000) in paragraph at lines 692--695

 []

[34 <../Anomalies/250anomalies/july850.png>]
<../Anomalies/250anomalies/july250.png, id=650, 542.025pt x 650.43pt>
File: ../Anomalies/250anomalies/july250.png Graphic file (type png)
<use ../Anomalies/250anomalies/july250.png>
Package pdftex.def Info: ../Anomalies/250anomalies/july250.png  used on input l
ine 698.
(pdftex.def)             Requested size: 498.97438pt x 598.78993pt.
 [35 <../Anomalies/250anomalies/july250.png>] (./documentation.bbl)
Package atveryend Info: Empty hook `BeforeClearDocument' on input line 707.
 [36]
Package atveryend Info: Empty hook `AfterLastShipout' on input line 707.
 (./documentation.aux)
Package atveryend Info: Executing hook `AtVeryEndDocument' on input line 707.
Package atveryend Info: Executing hook `AtEndAfterFileList' on input line 707.
Package rerunfilecheck Info: File `documentation.out' has not changed.
(rerunfilecheck)             Checksum: E365DFE99AA50812D6E0D4F213459001;4513.
Package atveryend Info: Empty hook `AtVeryVeryEnd' on input line 707.
 ) 
Here is how much of TeX's memory you used:
 9099 strings out of 492616
 145583 string characters out of 6129481
 244194 words of memory out of 5000000
 12726 multiletter control sequences out of 15000+600000
 10506 words of font info for 38 fonts, out of 8000000 for 9000
 1141 hyphenation exceptions out of 8191
 42i,9n,40p,832b,544s stack positions out of 5000i,500n,10000p,200000b,80000s
</usr/local/texlive/2019/texmf-dist/fonts/type1/public/amsfonts/cm/cmbx10.pfb
></usr/local/texlive/2019/texmf-dist/fonts/type1/public/amsfonts/cm/cmbx12.pfb>
</usr/local/texlive/2019/texmf-dist/fonts/type1/public/amsfonts/cm/cmex10.pfb><
/usr/local/texlive/2019/texmf-dist/fonts/type1/public/amsfonts/cm/cmmi12.pfb></
usr/local/texlive/2019/texmf-dist/fonts/type1/public/amsfonts/cm/cmmi7.pfb></us
r/local/texlive/2019/texmf-dist/fonts/type1/public/amsfonts/cm/cmr10.pfb></usr/
local/texlive/2019/texmf-dist/fonts/type1/public/amsfonts/cm/cmr12.pfb></usr/lo
cal/texlive/2019/texmf-dist/fonts/type1/public/amsfonts/cm/cmr17.pfb></usr/loca
l/texlive/2019/texmf-dist/fonts/type1/public/amsfonts/cm/cmr7.pfb></usr/local/t
exlive/2019/texmf-dist/fonts/type1/public/amsfonts/cm/cmr9.pfb></usr/local/texl
ive/2019/texmf-dist/fonts/type1/public/amsfonts/cm/cmsy10.pfb></usr/local/texli
ve/2019/texmf-dist/fonts/type1/public/amsfonts/cm/cmsy6.pfb></usr/local/texlive
/2019/texmf-dist/fonts/type1/public/amsfonts/cm/cmsy7.pfb></usr/local/texlive/2
019/texmf-dist/fonts/type1/public/amsfonts/cm/cmti10.pfb>
Output written on documentation.pdf (36 pages, 3475011 bytes).
PDF statistics:
 743 PDF objects out of 1000 (max. 8388607)
 540 compressed objects within 6 object streams
 154 named destinations out of 1000 (max. 500000)
 806 words of extra memory for PDF output out of 10000 (max. 10000000)

